<?xml version="1.0" encoding="UTF-8"?>
<!-- Generated by org.testng.reporters.JUnitXMLReporter -->
<testsuite ignored="0" hostname="bruce" failures="0" tests="4" name="Ecommerce" time="107.055" errors="0" timestamp="2023-08-30T19:04:46 IST">
  <testcase classname="com.EcommerceV1.testcases.TC_signupTest_001" name="SignUp" time="23.32"/>
  <testcase classname="com.EcommerceV1.testcases.TC_Logo_Tittle_MyshopTest_002" name="Logo_TitleCheck" time="2.741"/>
  <testcase classname="com.EcommerceV1.testcases.TC_AccountCreationTest_003" name="AccCreation" time="13.942"/>
  <testcase classname="com.EcommerceV1.testcases.TC_SearchResultTEST_004" name="addTOCart" time="17.792"/>
</testsuite> <!-- Ecommerce -->
