<?xml version="1.0" encoding="UTF-8"?>
<testng-results ignored="0" total="4" passed="4" failed="0" skipped="0">
  <reporter-output>
  </reporter-output>
  <suite started-at="2023-08-30T19:02:59 IST" name="Suite" finished-at="2023-08-30T19:04:46 IST" duration-ms="107055">
    <groups>
    </groups>
    <test started-at="2023-08-30T19:02:59 IST" name="Ecommerce" finished-at="2023-08-30T19:04:46 IST" duration-ms="107055">
      <class name="com.EcommerceV1.testcases.TC_signupTest_001">
        <test-method is-config="true" signature="setup(java.lang.String)[pri:0, instance:com.EcommerceV1.testcases.TC_signupTest_001@1a4927d6]" started-at="2023-08-30T19:02:59 IST" name="setup" finished-at="2023-08-30T19:03:13 IST" duration-ms="13684" status="PASS">
          <params>
            <param index="0">
              <value>
                <![CDATA[Chrome]]>
              </value>
            </param>
          </params>
          <reporter-output>
          </reporter-output>
        </test-method> <!-- setup -->
        <test-method signature="SignUp()[pri:0, instance:com.EcommerceV1.testcases.TC_signupTest_001@1a4927d6]" started-at="2023-08-30T19:03:13 IST" name="SignUp" finished-at="2023-08-30T19:03:36 IST" duration-ms="23320" status="PASS">
          <reporter-output>
          </reporter-output>
        </test-method> <!-- SignUp -->
        <test-method is-config="true" signature="teardown()[pri:0, instance:com.EcommerceV1.testcases.TC_signupTest_001@1a4927d6]" started-at="2023-08-30T19:03:36 IST" name="teardown" finished-at="2023-08-30T19:03:37 IST" duration-ms="248" status="PASS">
          <reporter-output>
          </reporter-output>
        </test-method> <!-- teardown -->
      </class> <!-- com.EcommerceV1.testcases.TC_signupTest_001 -->
      <class name="com.EcommerceV1.testcases.TC_Logo_Tittle_MyshopTest_002">
        <test-method is-config="true" signature="setup(java.lang.String)[pri:0, instance:com.EcommerceV1.testcases.TC_Logo_Tittle_MyshopTest_002@3932c79a]" started-at="2023-08-30T19:03:37 IST" name="setup" finished-at="2023-08-30T19:03:46 IST" duration-ms="9480" status="PASS">
          <params>
            <param index="0">
              <value>
                <![CDATA[Chrome]]>
              </value>
            </param>
          </params>
          <reporter-output>
          </reporter-output>
        </test-method> <!-- setup -->
        <test-method signature="Logo_TitleCheck()[pri:0, instance:com.EcommerceV1.testcases.TC_Logo_Tittle_MyshopTest_002@3932c79a]" started-at="2023-08-30T19:03:46 IST" name="Logo_TitleCheck" finished-at="2023-08-30T19:03:49 IST" duration-ms="2741" status="PASS">
          <reporter-output>
          </reporter-output>
        </test-method> <!-- Logo_TitleCheck -->
        <test-method is-config="true" signature="teardown()[pri:0, instance:com.EcommerceV1.testcases.TC_Logo_Tittle_MyshopTest_002@3932c79a]" started-at="2023-08-30T19:03:49 IST" name="teardown" finished-at="2023-08-30T19:03:49 IST" duration-ms="188" status="PASS">
          <reporter-output>
          </reporter-output>
        </test-method> <!-- teardown -->
      </class> <!-- com.EcommerceV1.testcases.TC_Logo_Tittle_MyshopTest_002 -->
      <class name="com.EcommerceV1.testcases.TC_AccountCreationTest_003">
        <test-method is-config="true" signature="setup(java.lang.String)[pri:0, instance:com.EcommerceV1.testcases.TC_AccountCreationTest_003@782859e]" started-at="2023-08-30T19:03:49 IST" name="setup" finished-at="2023-08-30T19:04:01 IST" duration-ms="11508" status="PASS">
          <params>
            <param index="0">
              <value>
                <![CDATA[Chrome]]>
              </value>
            </param>
          </params>
          <reporter-output>
          </reporter-output>
        </test-method> <!-- setup -->
        <test-method signature="AccCreation()[pri:0, instance:com.EcommerceV1.testcases.TC_AccountCreationTest_003@782859e]" started-at="2023-08-30T19:04:01 IST" name="AccCreation" finished-at="2023-08-30T19:04:14 IST" duration-ms="13942" status="PASS">
          <reporter-output>
          </reporter-output>
        </test-method> <!-- AccCreation -->
        <test-method is-config="true" signature="teardown()[pri:0, instance:com.EcommerceV1.testcases.TC_AccountCreationTest_003@782859e]" started-at="2023-08-30T19:04:14 IST" name="teardown" finished-at="2023-08-30T19:04:15 IST" duration-ms="258" status="PASS">
          <reporter-output>
          </reporter-output>
        </test-method> <!-- teardown -->
      </class> <!-- com.EcommerceV1.testcases.TC_AccountCreationTest_003 -->
      <class name="com.EcommerceV1.testcases.TC_SearchResultTEST_004">
        <test-method is-config="true" signature="setup(java.lang.String)[pri:0, instance:com.EcommerceV1.testcases.TC_SearchResultTEST_004@23f5b5dc]" started-at="2023-08-30T19:04:15 IST" name="setup" finished-at="2023-08-30T19:04:28 IST" duration-ms="13186" status="PASS">
          <params>
            <param index="0">
              <value>
                <![CDATA[Chrome]]>
              </value>
            </param>
          </params>
          <reporter-output>
          </reporter-output>
        </test-method> <!-- setup -->
        <test-method signature="addTOCart()[pri:0, instance:com.EcommerceV1.testcases.TC_SearchResultTEST_004@23f5b5dc]" started-at="2023-08-30T19:04:28 IST" name="addTOCart" finished-at="2023-08-30T19:04:46 IST" duration-ms="17792" status="PASS">
          <reporter-output>
          </reporter-output>
        </test-method> <!-- addTOCart -->
        <test-method is-config="true" signature="teardown()[pri:0, instance:com.EcommerceV1.testcases.TC_SearchResultTEST_004@23f5b5dc]" started-at="2023-08-30T19:04:46 IST" name="teardown" finished-at="2023-08-30T19:04:46 IST" duration-ms="255" status="PASS">
          <reporter-output>
          </reporter-output>
        </test-method> <!-- teardown -->
      </class> <!-- com.EcommerceV1.testcases.TC_SearchResultTEST_004 -->
    </test> <!-- Ecommerce -->
  </suite> <!-- Suite -->
</testng-results>
